SF:lib/basic_multi_search_field.dart
DA:12,2
DA:77,2
DA:262,2
DA:264,2
DA:272,2
DA:274,2
DA:275,2
DA:278,2
DA:279,8
DA:280,8
DA:281,4
DA:282,4
DA:285,2
DA:286,10
DA:287,5
DA:288,2
DA:292,1
DA:293,4
DA:294,1
DA:295,2
DA:296,5
DA:297,2
DA:298,2
DA:304,2
DA:305,4
DA:306,10
DA:310,2
DA:312,2
DA:314,4
DA:315,2
DA:316,2
DA:317,4
DA:318,4
DA:319,4
DA:320,2
DA:321,4
DA:323,2
DA:324,4
DA:325,4
DA:326,4
DA:327,4
DA:328,4
DA:329,4
DA:330,4
DA:331,10
DA:333,4
DA:334,2
DA:335,8
DA:336,6
DA:339,2
DA:340,1
DA:341,4
DA:342,2
DA:343,2
DA:345,0
DA:346,0
DA:347,0
DA:348,0
DA:349,0
DA:352,4
DA:353,4
DA:354,4
DA:355,4
DA:356,4
DA:357,4
DA:358,4
DA:359,4
DA:360,4
DA:361,4
DA:362,4
DA:363,4
DA:364,4
DA:365,4
DA:366,4
DA:367,4
DA:368,4
DA:369,4
DA:370,4
DA:371,4
DA:372,4
DA:373,4
DA:374,4
DA:375,4
DA:376,4
DA:377,4
DA:378,4
DA:379,4
DA:380,4
DA:382,2
DA:383,2
DA:384,4
DA:385,4
DA:386,4
DA:387,2
DA:388,6
DA:389,2
DA:390,4
DA:391,2
DA:392,4
DA:393,4
DA:398,5
DA:399,4
DA:400,4
DA:401,4
DA:402,4
DA:403,4
DA:404,4
DA:405,4
DA:406,4
DA:414,8
DA:416,2
DA:417,6
DA:419,2
DA:421,6
DA:422,8
DA:423,8
DA:424,2
LF:117
LH:112
end_of_record
SF:lib/selected_chip.dart
DA:4,2
DA:18,2
DA:55,2
DA:57,2
DA:58,2
DA:59,2
DA:60,0
DA:61,8
DA:62,2
DA:63,2
DA:64,2
DA:66,2
DA:67,2
DA:68,2
DA:69,4
DA:75,4
DA:77,4
DA:78,2
DA:79,2
DA:80,2
DA:81,2
DA:82,2
LF:22
LH:21
end_of_record
SF:lib/basic_search_field.dart
DA:12,4
DA:65,4
DA:68,4
DA:218,4
DA:219,4
DA:231,4
DA:233,4
DA:234,4
DA:235,4
DA:236,4
DA:238,8
DA:239,8
DA:242,3
DA:244,12
DA:245,1
DA:247,3
DA:250,4
DA:251,14
DA:252,14
DA:253,12
DA:256,4
DA:257,8
DA:259,4
DA:260,12
DA:265,4
DA:266,8
DA:268,4
DA:269,12
DA:274,12
DA:275,12
DA:278,4
DA:279,12
DA:280,8
DA:282,4
DA:283,4
DA:284,8
DA:285,12
DA:292,4
DA:293,8
DA:294,8
DA:297,8
DA:302,4
DA:304,12
DA:305,4
DA:306,4
DA:307,12
DA:308,8
DA:309,8
DA:310,8
DA:311,4
DA:316,1
DA:323,8
DA:326,4
DA:327,8
DA:329,8
DA:330,12
DA:331,3
DA:338,4
DA:340,4
DA:341,8
DA:342,4
DA:343,4
DA:344,4
DA:345,4
DA:346,4
DA:347,4
DA:349,3
DA:350,6
DA:351,1
DA:353,6
DA:354,6
DA:355,4
DA:359,8
DA:360,2
DA:361,4
DA:362,2
DA:363,4
DA:364,6
DA:370,10
DA:371,4
DA:373,2
DA:377,4
DA:379,1
DA:380,1
DA:381,3
DA:383,3
DA:388,4
DA:389,8
DA:392,4
DA:393,4
DA:394,4
DA:395,8
DA:396,4
DA:398,10
DA:399,2
DA:402,2
DA:403,4
DA:404,4
DA:405,4
DA:406,2
DA:407,4
DA:411,4
DA:412,4
DA:413,4
DA:414,4
DA:415,4
DA:416,4
DA:417,4
DA:418,4
DA:419,4
DA:420,4
DA:421,4
DA:422,2
DA:423,2
DA:426,6
DA:427,2
DA:444,4
DA:445,2
DA:451,4
DA:452,4
DA:453,4
DA:458,8
DA:459,8
DA:462,4
DA:463,10
DA:464,2
DA:465,2
DA:466,4
DA:467,2
DA:469,4
DA:471,2
DA:472,2
DA:473,4
DA:474,4
DA:475,2
DA:477,2
DA:478,4
DA:479,4
DA:480,4
DA:481,4
DA:482,4
DA:483,4
DA:484,4
DA:485,4
DA:486,4
DA:487,4
DA:488,4
DA:493,8
DA:494,8
DA:496,12
DA:497,8
DA:498,4
DA:499,4
DA:500,8
DA:501,1
DA:502,2
DA:503,2
DA:504,3
DA:507,8
DA:510,4
DA:512,12
DA:513,12
DA:514,12
DA:515,4
LF:164
LH:164
end_of_record
SF:lib/text_field_widget.dart
DA:4,2
DA:22,2
DA:70,2
DA:72,2
DA:73,2
DA:74,2
DA:75,2
DA:76,2
DA:77,2
DA:78,2
DA:79,2
DA:80,2
DA:81,2
DA:82,4
DA:83,2
DA:84,2
DA:85,2
DA:86,2
DA:88,2
DA:93,6
LF:20
LH:20
end_of_record
SF:lib/multi_search_field.dart
DA:9,1
DA:69,1
DA:241,1
DA:243,1
DA:244,1
DA:245,1
DA:246,1
DA:247,1
DA:248,1
DA:249,1
DA:250,1
DA:251,1
DA:252,1
DA:253,1
DA:254,1
DA:255,1
DA:256,1
DA:257,4
DA:258,1
DA:261,1
DA:262,1
DA:263,3
DA:264,2
DA:267,1
DA:269,3
DA:270,1
DA:271,1
DA:272,1
DA:273,1
DA:274,1
DA:275,1
DA:276,1
DA:277,1
DA:278,1
DA:279,1
DA:280,1
DA:281,1
DA:282,1
DA:283,1
DA:284,1
DA:285,1
DA:286,1
DA:287,1
DA:288,1
DA:289,1
DA:290,1
DA:291,1
DA:292,1
DA:293,1
DA:294,1
DA:295,1
DA:296,1
DA:297,1
DA:298,1
DA:299,1
DA:300,1
DA:301,1
DA:302,1
DA:303,1
DA:304,1
DA:305,1
DA:306,1
DA:307,1
DA:308,1
DA:309,1
DA:310,1
DA:311,1
DA:312,1
DA:313,1
DA:314,1
DA:315,1
LF:71
LH:71
end_of_record
SF:lib/optimized_search_field_widget.dart
DA:11,1
DA:56,1
DA:59,1
DA:185,1
DA:187,1
DA:188,1
DA:189,1
DA:190,1
DA:191,1
DA:192,1
DA:193,1
DA:194,3
DA:195,1
DA:196,1
DA:197,1
DA:198,4
DA:199,1
DA:202,2
DA:203,3
DA:204,2
DA:208,1
DA:209,1
DA:210,1
DA:211,1
DA:212,1
DA:213,1
DA:214,1
DA:215,1
DA:216,1
DA:217,1
DA:218,1
DA:219,1
DA:220,1
DA:221,1
DA:222,1
DA:223,1
DA:224,1
DA:225,1
DA:226,1
DA:227,1
DA:228,1
DA:229,1
DA:230,1
DA:231,1
DA:232,1
DA:233,1
DA:234,1
DA:235,1
DA:236,1
DA:237,1
DA:238,1
DA:239,1
LF:52
LH:52
end_of_record
